2024-02-06 21:21:03 - INFO - Cleaning Old Results Folder
2024-02-06 21:21:03 - INFO - ORIGINAL IMPLEMENTATION OF CAMERA CALIBRATION
2024-02-06 21:21:03 - INFO - Initial Values
2024-02-06 21:21:04 - INFO - [[ 2.05879672e+03 -9.55413832e-01  7.62413500e+02]
 [ 0.00000000e+00  2.04242247e+03  1.34707148e+03]
 [ 0.00000000e+00  0.00000000e+00  1.00000000e+00]]
2024-02-06 21:21:04 - INFO - [[ 2.05879672e+03 -9.55413832e-01  7.62413500e+02]
 [ 0.00000000e+00  2.04242247e+03  1.34707148e+03]
 [ 0.00000000e+00  0.00000000e+00  1.00000000e+00]]
2024-02-06 21:21:04 - INFO - [0 0]
2024-02-06 21:21:04 - INFO - [0 0]
2024-02-06 21:21:04 - INFO - [ 2.05879672e+03 -9.55413832e-01  2.04242247e+03  7.62413500e+02
  1.34707148e+03  0.00000000e+00  0.00000000e+00]
2024-02-06 21:21:04 - INFO - [ 2.05879672e+03 -9.55413832e-01  2.04242247e+03  7.62413500e+02
  1.34707148e+03  0.00000000e+00  0.00000000e+00]
2024-02-06 21:21:04 - INFO - Optimization without Distortion
2024-02-06 21:21:04 - INFO - Optimization without Distortion
2024-02-06 21:21:05 - INFO - [[ 2.05879361e+03 -9.01191326e-01  7.62409990e+02]
 [ 0.00000000e+00  2.04240398e+03  1.34705803e+03]
 [ 0.00000000e+00  0.00000000e+00  1.00000000e+00]]
2024-02-06 21:21:05 - INFO - [[ 2.05879361e+03 -9.01191326e-01  7.62409990e+02]
 [ 0.00000000e+00  2.04240398e+03  1.34705803e+03]
 [ 0.00000000e+00  0.00000000e+00  1.00000000e+00]]
2024-02-06 21:21:05 - INFO - [ 0.00642498 -0.07285859]
2024-02-06 21:21:05 - INFO - [ 0.00642498 -0.07285859]
2024-02-06 21:21:05 - INFO - Reprojection Error Before Optimization: 0.697577
2024-02-06 21:21:05 - INFO - Reprojection Error Before Optimization: 0.697577
2024-02-06 21:21:05 - INFO - Reprojection Error After Optimization: 0.695561
2024-02-06 21:21:05 - INFO - Reprojection Error After Optimization: 0.695561
2024-02-06 21:21:05 - INFO - Optimization with Distortion
2024-02-06 21:21:05 - INFO - Optimization with Distortion
2024-02-06 21:21:05 - INFO - BASELINE COMPARISON WITH CV2 - OPENCV Function
2024-02-06 21:21:05 - INFO - BASELINE COMPARISON WITH CV2 - OPENCV Function
2024-02-06 21:21:06 - INFO - Total Projection Error: 0.098612
2024-02-06 21:21:06 - INFO - Total Projection Error: 0.098612
2024-02-06 21:21:06 - INFO - Total Projection Error: 0.098612
2024-02-06 21:22:26 - INFO - Cleaning Old Results Folder
2024-02-06 21:22:26 - INFO - ORIGINAL IMPLEMENTATION OF CAMERA CALIBRATION
2024-02-06 21:22:26 - INFO - Initial Values
2024-02-06 21:22:26 - INFO - [[ 2.05879672e+03 -9.55413832e-01  7.62413500e+02]
 [ 0.00000000e+00  2.04242247e+03  1.34707148e+03]
 [ 0.00000000e+00  0.00000000e+00  1.00000000e+00]]
2024-02-06 21:22:26 - INFO - [[ 2.05879672e+03 -9.55413832e-01  7.62413500e+02]
 [ 0.00000000e+00  2.04242247e+03  1.34707148e+03]
 [ 0.00000000e+00  0.00000000e+00  1.00000000e+00]]
2024-02-06 21:22:26 - INFO - [0 0]
2024-02-06 21:22:26 - INFO - [0 0]
2024-02-06 21:22:26 - INFO - [ 2.05879672e+03 -9.55413832e-01  2.04242247e+03  7.62413500e+02
  1.34707148e+03  0.00000000e+00  0.00000000e+00]
2024-02-06 21:22:26 - INFO - [ 2.05879672e+03 -9.55413832e-01  2.04242247e+03  7.62413500e+02
  1.34707148e+03  0.00000000e+00  0.00000000e+00]
2024-02-06 21:22:26 - INFO - Optimization without Distortion
2024-02-06 21:22:26 - INFO - Optimization without Distortion
2024-02-06 21:22:28 - INFO - [[ 2.05879361e+03 -9.01191326e-01  7.62409990e+02]
 [ 0.00000000e+00  2.04240398e+03  1.34705803e+03]
 [ 0.00000000e+00  0.00000000e+00  1.00000000e+00]]
2024-02-06 21:22:28 - INFO - [[ 2.05879361e+03 -9.01191326e-01  7.62409990e+02]
 [ 0.00000000e+00  2.04240398e+03  1.34705803e+03]
 [ 0.00000000e+00  0.00000000e+00  1.00000000e+00]]
2024-02-06 21:22:28 - INFO - [ 0.00642498 -0.07285859]
2024-02-06 21:22:28 - INFO - [ 0.00642498 -0.07285859]
2024-02-06 21:22:28 - INFO - Reprojection Error Before Optimization: 0.697577
2024-02-06 21:22:28 - INFO - Reprojection Error Before Optimization: 0.697577
2024-02-06 21:22:28 - INFO - Reprojection Error After Optimization: 0.695561
2024-02-06 21:22:28 - INFO - Reprojection Error After Optimization: 0.695561
2024-02-06 21:22:28 - INFO - Optimization with Distortion
2024-02-06 21:22:28 - INFO - Optimization with Distortion
2024-02-06 21:22:28 - INFO - BASELINE COMPARISON WITH CV2 - OPENCV Function
2024-02-06 21:22:28 - INFO - BASELINE COMPARISON WITH CV2 - OPENCV Function
2024-02-06 21:22:28 - INFO - Total Projection Error: 0.098612
2024-02-06 21:22:28 - INFO - Total Projection Error: 0.098612
2024-02-06 21:22:28 - INFO - Total Projection Error: 0.098612
2024-02-06 21:23:10 - INFO - Cleaning Old Results Folder
2024-02-06 21:23:10 - INFO - ORIGINAL IMPLEMENTATION OF CAMERA CALIBRATION
2024-02-06 21:23:10 - INFO - Initial Values
2024-02-06 21:23:11 - INFO - [[ 2.05879672e+03 -9.55413832e-01  7.62413500e+02]
 [ 0.00000000e+00  2.04242247e+03  1.34707148e+03]
 [ 0.00000000e+00  0.00000000e+00  1.00000000e+00]]
2024-02-06 21:23:11 - INFO - [[ 2.05879672e+03 -9.55413832e-01  7.62413500e+02]
 [ 0.00000000e+00  2.04242247e+03  1.34707148e+03]
 [ 0.00000000e+00  0.00000000e+00  1.00000000e+00]]
2024-02-06 21:23:11 - INFO - [0 0]
2024-02-06 21:23:11 - INFO - [0 0]
2024-02-06 21:23:11 - INFO - [ 2.05879672e+03 -9.55413832e-01  2.04242247e+03  7.62413500e+02
  1.34707148e+03  0.00000000e+00  0.00000000e+00]
2024-02-06 21:23:11 - INFO - [ 2.05879672e+03 -9.55413832e-01  2.04242247e+03  7.62413500e+02
  1.34707148e+03  0.00000000e+00  0.00000000e+00]
2024-02-06 21:23:11 - INFO - Optimization without Distortion
2024-02-06 21:23:11 - INFO - Optimization without Distortion
2024-02-06 21:23:12 - INFO - [[ 2.05879361e+03 -9.01191326e-01  7.62409990e+02]
 [ 0.00000000e+00  2.04240398e+03  1.34705803e+03]
 [ 0.00000000e+00  0.00000000e+00  1.00000000e+00]]
2024-02-06 21:23:12 - INFO - [[ 2.05879361e+03 -9.01191326e-01  7.62409990e+02]
 [ 0.00000000e+00  2.04240398e+03  1.34705803e+03]
 [ 0.00000000e+00  0.00000000e+00  1.00000000e+00]]
2024-02-06 21:23:12 - INFO - [ 0.00642498 -0.07285859]
2024-02-06 21:23:12 - INFO - [ 0.00642498 -0.07285859]
2024-02-06 21:23:12 - INFO - Reprojection Error Before Optimization: 0.697577
2024-02-06 21:23:12 - INFO - Reprojection Error Before Optimization: 0.697577
2024-02-06 21:23:12 - INFO - Reprojection Error After Optimization: 0.695561
2024-02-06 21:23:12 - INFO - Reprojection Error After Optimization: 0.695561
2024-02-06 21:23:12 - INFO - Optimization with Distortion
2024-02-06 21:23:12 - INFO - Optimization with Distortion
2024-02-06 21:23:12 - INFO - BASELINE COMPARISON WITH CV2 - OPENCV Function
2024-02-06 21:23:12 - INFO - BASELINE COMPARISON WITH CV2 - OPENCV Function
2024-02-06 21:23:13 - INFO - Total Projection Error: 0.098612
2024-02-06 21:23:13 - INFO - Total Projection Error: 0.098612
2024-02-06 21:26:28 - INFO - Cleaning Old Results Folder
2024-02-06 21:26:28 - INFO - ORIGINAL IMPLEMENTATION OF CAMERA CALIBRATION
2024-02-06 21:26:28 - INFO - Initial Values
2024-02-06 21:26:29 - INFO - [[ 2.05879672e+03 -9.55413832e-01  7.62413500e+02]
 [ 0.00000000e+00  2.04242247e+03  1.34707148e+03]
 [ 0.00000000e+00  0.00000000e+00  1.00000000e+00]]
2024-02-06 21:26:29 - INFO - [[ 2.05879672e+03 -9.55413832e-01  7.62413500e+02]
 [ 0.00000000e+00  2.04242247e+03  1.34707148e+03]
 [ 0.00000000e+00  0.00000000e+00  1.00000000e+00]]
2024-02-06 21:26:29 - INFO - [0 0]
2024-02-06 21:26:29 - INFO - [0 0]
2024-02-06 21:26:29 - INFO - [ 2.05879672e+03 -9.55413832e-01  2.04242247e+03  7.62413500e+02
  1.34707148e+03  0.00000000e+00  0.00000000e+00]
2024-02-06 21:26:29 - INFO - [ 2.05879672e+03 -9.55413832e-01  2.04242247e+03  7.62413500e+02
  1.34707148e+03  0.00000000e+00  0.00000000e+00]
2024-02-06 21:26:29 - INFO - Optimization without Distortion
2024-02-06 21:26:29 - INFO - Optimization without Distortion
2024-02-06 21:26:30 - INFO - [[ 2.05879361e+03 -9.01191326e-01  7.62409990e+02]
 [ 0.00000000e+00  2.04240398e+03  1.34705803e+03]
 [ 0.00000000e+00  0.00000000e+00  1.00000000e+00]]
2024-02-06 21:26:30 - INFO - [[ 2.05879361e+03 -9.01191326e-01  7.62409990e+02]
 [ 0.00000000e+00  2.04240398e+03  1.34705803e+03]
 [ 0.00000000e+00  0.00000000e+00  1.00000000e+00]]
2024-02-06 21:26:30 - INFO - [ 0.00642498 -0.07285859]
2024-02-06 21:26:30 - INFO - [ 0.00642498 -0.07285859]
2024-02-06 21:26:30 - INFO - Reprojection Error Before Optimization: 0.697577
2024-02-06 21:26:30 - INFO - Reprojection Error Before Optimization: 0.697577
2024-02-06 21:26:30 - INFO - Reprojection Error After Optimization: 0.695561
2024-02-06 21:26:30 - INFO - Reprojection Error After Optimization: 0.695561
2024-02-06 21:26:30 - INFO - Optimization with Distortion
2024-02-06 21:26:30 - INFO - Optimization with Distortion
2024-02-06 21:26:30 - INFO - BASELINE COMPARISON WITH CV2 - OPENCV Function
2024-02-06 21:26:30 - INFO - BASELINE COMPARISON WITH CV2 - OPENCV Function
2024-02-06 21:26:31 - INFO - Total Projection Error: 0.098612
2024-02-06 21:26:31 - INFO - Total Projection Error: 0.098612
2024-02-06 21:28:04 - INFO - Cleaning Old Results Folder
2024-02-06 21:28:04 - INFO - ORIGINAL IMPLEMENTATION OF CAMERA CALIBRATION
2024-02-06 21:28:04 - INFO - Initial Values
2024-02-06 21:28:05 - INFO - [[ 2.05879672e+03 -9.55413832e-01  7.62413500e+02]
 [ 0.00000000e+00  2.04242247e+03  1.34707148e+03]
 [ 0.00000000e+00  0.00000000e+00  1.00000000e+00]]
2024-02-06 21:28:05 - INFO - [0 0]
2024-02-06 21:28:05 - INFO - [ 2.05879672e+03 -9.55413832e-01  2.04242247e+03  7.62413500e+02
  1.34707148e+03  0.00000000e+00  0.00000000e+00]
2024-02-06 21:28:05 - INFO - Optimization without Distortion
2024-02-06 21:28:06 - INFO - [[ 2.05879361e+03 -9.01191326e-01  7.62409990e+02]
 [ 0.00000000e+00  2.04240398e+03  1.34705803e+03]
 [ 0.00000000e+00  0.00000000e+00  1.00000000e+00]]
2024-02-06 21:28:06 - INFO - [ 0.00642498 -0.07285859]
2024-02-06 21:28:06 - INFO - Reprojection Error Before Optimization: 0.697577
2024-02-06 21:28:06 - INFO - Reprojection Error After Optimization: 0.695561
2024-02-06 21:28:06 - INFO - Optimization with Distortion
2024-02-06 21:28:06 - INFO - BASELINE COMPARISON WITH CV2 - OPENCV Function
2024-02-06 21:28:25 - INFO - ORIGINAL IMPLEMENTATION OF CAMERA CALIBRATION
2024-02-06 21:28:25 - INFO - Initial Values
2024-02-06 21:28:26 - INFO - [[ 2.05879672e+03 -9.55413832e-01  7.62413500e+02]
 [ 0.00000000e+00  2.04242247e+03  1.34707148e+03]
 [ 0.00000000e+00  0.00000000e+00  1.00000000e+00]]
2024-02-06 21:28:26 - INFO - [0 0]
2024-02-06 21:28:26 - INFO - [ 2.05879672e+03 -9.55413832e-01  2.04242247e+03  7.62413500e+02
  1.34707148e+03  0.00000000e+00  0.00000000e+00]
2024-02-06 21:28:26 - INFO - Optimization without Distortion
2024-02-06 21:28:27 - INFO - [[ 2.05879361e+03 -9.01191326e-01  7.62409990e+02]
 [ 0.00000000e+00  2.04240398e+03  1.34705803e+03]
 [ 0.00000000e+00  0.00000000e+00  1.00000000e+00]]
2024-02-06 21:28:27 - INFO - [ 0.00642498 -0.07285859]
2024-02-06 21:28:27 - INFO - Reprojection Error Before Optimization: 0.697577
2024-02-06 21:28:27 - INFO - Reprojection Error After Optimization: 0.695561
2024-02-06 21:28:27 - INFO - Optimization with Distortion
2024-02-06 21:28:27 - INFO - BASELINE COMPARISON WITH CV2 - OPENCV Function
2024-02-06 21:28:28 - INFO - CV2 Baseline Intrinsics:[[2.04039471e+03 0.00000000e+00 7.64587598e+02]
 [0.00000000e+00 2.03217467e+03 1.35929491e+03]
 [0.00000000e+00 0.00000000e+00 1.00000000e+00]]
2024-02-06 21:28:28 - INFO - CV2 Baseline Distortion:[[ 2.89100014e-01 -2.39907557e+00  2.76894211e-03  9.01313995e-04
   6.45008562e+00]]
2024-02-06 21:28:28 - INFO - CV2 Baseline Reprojection Error:0.098612
2024-02-06 21:29:54 - INFO - Cleaning Old Results Folder
2024-02-06 21:29:54 - INFO - ORIGINAL IMPLEMENTATION OF CAMERA CALIBRATION
2024-02-06 21:29:54 - INFO - Initial Values
2024-02-06 21:29:54 - INFO - [[ 2.05879672e+03 -9.55413832e-01  7.62413500e+02]
 [ 0.00000000e+00  2.04242247e+03  1.34707148e+03]
 [ 0.00000000e+00  0.00000000e+00  1.00000000e+00]]
2024-02-06 21:29:54 - INFO - [0 0]
2024-02-06 21:29:54 - INFO - [ 2.05879672e+03 -9.55413832e-01  2.04242247e+03  7.62413500e+02
  1.34707148e+03  0.00000000e+00  0.00000000e+00]
2024-02-06 21:29:54 - INFO - Optimization without Distortion
2024-02-06 21:29:56 - INFO - [[ 2.05879361e+03 -9.01191326e-01  7.62409990e+02]
 [ 0.00000000e+00  2.04240398e+03  1.34705803e+03]
 [ 0.00000000e+00  0.00000000e+00  1.00000000e+00]]
2024-02-06 21:29:56 - INFO - [ 0.00642498 -0.07285859]
2024-02-06 21:29:56 - INFO - Reprojection Error Before Optimization: 0.697577
2024-02-06 21:29:56 - INFO - Reprojection Error After Optimization: 0.695561
2024-02-06 21:29:56 - INFO - Optimization with Distortion
2024-02-06 21:29:56 - INFO - BASELINE COMPARISON WITH CV2 - OPENCV Function
2024-02-06 21:29:56 - INFO - CV2 Baseline Intrinsics:[[2.04039471e+03 0.00000000e+00 7.64587598e+02]
 [0.00000000e+00 2.03217467e+03 1.35929491e+03]
 [0.00000000e+00 0.00000000e+00 1.00000000e+00]]
2024-02-06 21:29:56 - INFO - CV2 Baseline Distortion:[[ 2.89100014e-01 -2.39907557e+00  2.76894211e-03  9.01313995e-04
   6.45008562e+00]]
2024-02-06 21:29:56 - INFO - CV2 Baseline Reprojection Error:0.098612
2024-02-06 21:30:19 - INFO - Cleaning Old Results Folder
2024-02-06 21:30:19 - INFO - ORIGINAL IMPLEMENTATION OF CAMERA CALIBRATION
2024-02-06 21:30:19 - INFO - Initial Values
2024-02-06 21:30:19 - INFO - [[ 2.05879672e+03 -9.55413832e-01  7.62413500e+02]
 [ 0.00000000e+00  2.04242247e+03  1.34707148e+03]
 [ 0.00000000e+00  0.00000000e+00  1.00000000e+00]]
2024-02-06 21:30:19 - INFO - [0 0]
2024-02-06 21:30:19 - INFO - [ 2.05879672e+03 -9.55413832e-01  2.04242247e+03  7.62413500e+02
  1.34707148e+03  0.00000000e+00  0.00000000e+00]
2024-02-06 21:30:19 - INFO - Optimization without Distortion
2024-02-06 21:31:38 - INFO - [[ 2.05879325e+03 -9.56892653e-01  7.62418869e+02]
 [ 0.00000000e+00  2.04241393e+03  1.34708443e+03]
 [ 0.00000000e+00  0.00000000e+00  1.00000000e+00]]
2024-02-06 21:31:38 - INFO - [ 0.01322938 -0.09773988]
2024-02-06 21:31:38 - INFO - Reprojection Error Before Optimization: 0.697577
2024-02-06 21:31:38 - INFO - Reprojection Error After Optimization: 0.681486
2024-02-06 21:31:38 - INFO - Optimization with Distortion
2024-02-06 21:31:38 - INFO - BASELINE COMPARISON WITH CV2 - OPENCV Function
2024-02-06 21:31:38 - INFO - CV2 Baseline Intrinsics:[[2.04039471e+03 0.00000000e+00 7.64587598e+02]
 [0.00000000e+00 2.03217467e+03 1.35929491e+03]
 [0.00000000e+00 0.00000000e+00 1.00000000e+00]]
2024-02-06 21:31:38 - INFO - CV2 Baseline Distortion:[[ 2.89100014e-01 -2.39907557e+00  2.76894211e-03  9.01313995e-04
   6.45008562e+00]]
2024-02-06 21:31:38 - INFO - CV2 Baseline Reprojection Error:0.098612
2024-02-06 21:36:32 - INFO - Cleaning Old Results Folder
2024-02-06 21:36:32 - INFO - ORIGINAL IMPLEMENTATION OF CAMERA CALIBRATION
2024-02-06 21:36:32 - INFO - Initial Values
2024-02-06 21:36:32 - INFO - [[ 2.05879672e+03 -9.55413832e-01  7.62413500e+02]
 [ 0.00000000e+00  2.04242247e+03  1.34707148e+03]
 [ 0.00000000e+00  0.00000000e+00  1.00000000e+00]]
2024-02-06 21:36:32 - INFO - [0 0]
2024-02-06 21:36:32 - INFO - [ 2.05879672e+03 -9.55413832e-01  2.04242247e+03  7.62413500e+02
  1.34707148e+03  0.00000000e+00  0.00000000e+00]
2024-02-06 21:36:33 - INFO - Optimization without Distortion
2024-02-06 21:38:10 - INFO - [[ 2.05879334e+03 -9.56876029e-01  7.62418832e+02]
 [ 0.00000000e+00  2.04241413e+03  1.34708420e+03]
 [ 0.00000000e+00  0.00000000e+00  1.00000000e+00]]
2024-02-06 21:38:10 - INFO - [ 0.01321962 -0.09709028]
2024-02-06 21:38:10 - INFO - Reprojection Error Before Optimization: 0.697577
2024-02-06 21:38:10 - INFO - Reprojection Error After Optimization: 0.681517
2024-02-06 21:38:10 - INFO - Optimization with Distortion
2024-02-06 21:38:10 - INFO - BASELINE COMPARISON WITH CV2 - OPENCV Function
2024-02-06 21:38:11 - INFO - CV2 Baseline Intrinsics:[[2.04039471e+03 0.00000000e+00 7.64587598e+02]
 [0.00000000e+00 2.03217467e+03 1.35929491e+03]
 [0.00000000e+00 0.00000000e+00 1.00000000e+00]]
2024-02-06 21:38:11 - INFO - CV2 Baseline Distortion:[[ 2.89100014e-01 -2.39907557e+00  2.76894211e-03  9.01313995e-04
   6.45008562e+00]]
2024-02-06 21:38:11 - INFO - CV2 Baseline Reprojection Error:0.098612
2024-02-06 21:51:30 - INFO - Cleaning Old Results Folder
2024-02-06 21:51:30 - INFO - ORIGINAL IMPLEMENTATION OF CAMERA CALIBRATION
2024-02-06 21:51:30 - INFO - Initial Values
2024-02-06 21:51:31 - INFO - [[ 2.05879672e+03 -9.55413832e-01  7.62413500e+02]
 [ 0.00000000e+00  2.04242247e+03  1.34707148e+03]
 [ 0.00000000e+00  0.00000000e+00  1.00000000e+00]]
2024-02-06 21:51:31 - INFO - [0 0]
2024-02-06 21:51:31 - INFO - [ 2.05879672e+03 -9.55413832e-01  2.04242247e+03  7.62413500e+02
  1.34707148e+03  0.00000000e+00  0.00000000e+00]
2024-02-06 21:51:31 - INFO - Optimization without Distortion
2024-02-06 21:53:05 - INFO - [[ 2.05879334e+03 -9.56876029e-01  7.62418832e+02]
 [ 0.00000000e+00  2.04241413e+03  1.34708420e+03]
 [ 0.00000000e+00  0.00000000e+00  1.00000000e+00]]
2024-02-06 21:53:05 - INFO - [ 0.01321962 -0.09709028]
2024-02-06 21:53:05 - INFO - Reprojection Error Before Optimization: 0.697577
2024-02-06 21:53:05 - INFO - Reprojection Error After Optimization: 0.681517
2024-02-06 21:53:05 - INFO - Optimization with Distortion
2024-02-06 21:53:05 - INFO - BASELINE COMPARISON WITH CV2 - OPENCV Function
2024-02-06 21:53:06 - INFO - CV2 Baseline Intrinsics:[[2.04039471e+03 0.00000000e+00 7.64587598e+02]
 [0.00000000e+00 2.03217467e+03 1.35929491e+03]
 [0.00000000e+00 0.00000000e+00 1.00000000e+00]]
2024-02-06 21:53:06 - INFO - CV2 Baseline Distortion:[[ 2.89100014e-01 -2.39907557e+00  2.76894211e-03  9.01313995e-04
   6.45008562e+00]]
2024-02-06 21:53:06 - INFO - CV2 Baseline Reprojection Error:0.098612
2024-02-06 22:25:36 - INFO - Cleaning Old Results Folder
2024-02-06 22:25:36 - INFO - ORIGINAL IMPLEMENTATION OF CAMERA CALIBRATION
2024-02-06 22:25:36 - INFO - Initial Values
2024-02-06 22:25:37 - INFO - [[ 2.05879672e+03 -9.55413832e-01  7.62413500e+02]
 [ 0.00000000e+00  2.04242247e+03  1.34707148e+03]
 [ 0.00000000e+00  0.00000000e+00  1.00000000e+00]]
2024-02-06 22:25:37 - INFO - [0 0]
2024-02-06 22:25:37 - INFO - [ 2.05879672e+03 -9.55413832e-01  2.04242247e+03  7.62413500e+02
  1.34707148e+03  0.00000000e+00  0.00000000e+00]
2024-02-06 22:25:37 - INFO - Optimization without Distortion
2024-02-06 22:25:38 - INFO - [[ 2.05879361e+03 -9.01191326e-01  7.62409990e+02]
 [ 0.00000000e+00  2.04240398e+03  1.34705803e+03]
 [ 0.00000000e+00  0.00000000e+00  1.00000000e+00]]
2024-02-06 22:25:38 - INFO - [ 0.00642498 -0.07285859]
2024-02-06 22:25:38 - INFO - Reprojection Error Before Optimization: 0.697577
2024-02-06 22:25:38 - INFO - Reprojection Error After Optimization: 0.695561
2024-02-06 22:25:38 - INFO - Optimization with Distortion
2024-02-06 22:25:38 - INFO - BASELINE COMPARISON WITH CV2 - OPENCV Function
2024-02-06 22:25:39 - INFO - CV2 Baseline Intrinsics:[[2.04039471e+03 0.00000000e+00 7.64587598e+02]
 [0.00000000e+00 2.03217467e+03 1.35929491e+03]
 [0.00000000e+00 0.00000000e+00 1.00000000e+00]]
2024-02-06 22:25:39 - INFO - CV2 Baseline Distortion:[[ 2.89100014e-01 -2.39907557e+00  2.76894211e-03  9.01313995e-04
   6.45008562e+00]]
2024-02-06 22:25:39 - INFO - CV2 Baseline Reprojection Error:0.098612
2024-02-06 22:35:23 - INFO - Cleaning Old Results Folder
2024-02-06 22:35:23 - INFO - ORIGINAL IMPLEMENTATION OF CAMERA CALIBRATION
2024-02-06 22:35:23 - INFO - Initial Values
2024-02-06 22:35:24 - INFO - [[ 2.05879672e+03 -9.55413832e-01  7.62413500e+02]
 [ 0.00000000e+00  2.04242247e+03  1.34707148e+03]
 [ 0.00000000e+00  0.00000000e+00  1.00000000e+00]]
2024-02-06 22:35:24 - INFO - [0 0]
2024-02-06 22:35:24 - INFO - [ 2.05879672e+03 -9.55413832e-01  2.04242247e+03  7.62413500e+02
  1.34707148e+03  0.00000000e+00  0.00000000e+00]
2024-02-06 22:35:24 - INFO - Optimization without Distortion
2024-02-06 22:37:05 - INFO - [[ 2.05879334e+03 -9.56876029e-01  7.62418832e+02]
 [ 0.00000000e+00  2.04241413e+03  1.34708420e+03]
 [ 0.00000000e+00  0.00000000e+00  1.00000000e+00]]
2024-02-06 22:37:05 - INFO - [ 0.01321962 -0.09709028]
2024-02-06 22:37:05 - INFO - Reprojection Error Before Optimization: 0.697577
2024-02-06 22:37:05 - INFO - Reprojection Error After Optimization: 0.681517
2024-02-06 22:37:05 - INFO - Optimization with Distortion
2024-02-06 22:37:05 - INFO - BASELINE COMPARISON WITH CV2 - OPENCV Function
2024-02-06 22:37:05 - INFO - CV2 Baseline Intrinsics:[[2.04039471e+03 0.00000000e+00 7.64587598e+02]
 [0.00000000e+00 2.03217467e+03 1.35929491e+03]
 [0.00000000e+00 0.00000000e+00 1.00000000e+00]]
2024-02-06 22:37:05 - INFO - CV2 Baseline Distortion:[[ 2.89100014e-01 -2.39907557e+00  2.76894211e-03  9.01313995e-04
   6.45008562e+00]]
2024-02-06 22:37:05 - INFO - CV2 Baseline Reprojection Error:0.098612
2024-02-06 22:39:16 - INFO - Cleaning Old Results Folder
2024-02-06 22:39:16 - INFO - ORIGINAL IMPLEMENTATION OF CAMERA CALIBRATION
2024-02-06 22:39:16 - INFO - Initial Values
2024-02-06 22:39:16 - INFO - [[ 2.05879672e+03 -9.55413832e-01  7.62413500e+02]
 [ 0.00000000e+00  2.04242247e+03  1.34707148e+03]
 [ 0.00000000e+00  0.00000000e+00  1.00000000e+00]]
2024-02-06 22:39:16 - INFO - [0 0]
2024-02-06 22:39:16 - INFO - [ 2.05879672e+03 -9.55413832e-01  2.04242247e+03  7.62413500e+02
  1.34707148e+03  0.00000000e+00  0.00000000e+00]
2024-02-06 22:39:16 - INFO - Optimization without Distortion
2024-02-06 22:40:55 - INFO - [[ 2.05879334e+03 -9.56876029e-01  7.62418832e+02]
 [ 0.00000000e+00  2.04241413e+03  1.34708420e+03]
 [ 0.00000000e+00  0.00000000e+00  1.00000000e+00]]
2024-02-06 22:40:55 - INFO - [ 0.01321962 -0.09709028]
2024-02-06 22:40:55 - INFO - Reprojection Error Before Optimization: 0.697577
2024-02-06 22:40:55 - INFO - Reprojection Error After Optimization: 0.681517
2024-02-06 22:40:55 - INFO - Optimization with Distortion
2024-02-06 22:40:55 - INFO - BASELINE COMPARISON WITH CV2 - OPENCV Function
2024-02-06 22:40:56 - INFO - CV2 Baseline Intrinsics:[[2.04039471e+03 0.00000000e+00 7.64587598e+02]
 [0.00000000e+00 2.03217467e+03 1.35929491e+03]
 [0.00000000e+00 0.00000000e+00 1.00000000e+00]]
2024-02-06 22:40:56 - INFO - CV2 Baseline Distortion:[[ 2.89100014e-01 -2.39907557e+00  2.76894211e-03  9.01313995e-04
   6.45008562e+00]]
2024-02-06 22:40:56 - INFO - CV2 Baseline Reprojection Error:0.098612
2024-02-06 22:43:49 - INFO - Cleaning Old Results Folder
2024-02-06 22:43:49 - INFO - ORIGINAL IMPLEMENTATION OF CAMERA CALIBRATION
2024-02-06 22:43:49 - INFO - Initial Values
2024-02-06 22:43:50 - INFO - [[ 2.05879672e+03 -9.55413832e-01  7.62413500e+02]
 [ 0.00000000e+00  2.04242247e+03  1.34707148e+03]
 [ 0.00000000e+00  0.00000000e+00  1.00000000e+00]]
2024-02-06 22:43:50 - INFO - [0 0]
2024-02-06 22:43:50 - INFO - [ 2.05879672e+03 -9.55413832e-01  2.04242247e+03  7.62413500e+02
  1.34707148e+03  0.00000000e+00  0.00000000e+00]
2024-02-06 22:43:50 - INFO - Optimization without Distortion
2024-02-06 22:43:51 - INFO - [[ 2.05879361e+03 -9.01191326e-01  7.62409990e+02]
 [ 0.00000000e+00  2.04240398e+03  1.34705803e+03]
 [ 0.00000000e+00  0.00000000e+00  1.00000000e+00]]
2024-02-06 22:43:51 - INFO - [ 0.00642498 -0.07285859]
2024-02-06 22:43:51 - INFO - Reprojection Error Before Optimization: 0.697577
2024-02-06 22:43:51 - INFO - Reprojection Error After Optimization: 0.695561
2024-02-06 22:43:51 - INFO - Optimization with Distortion
2024-02-06 22:43:51 - INFO - BASELINE COMPARISON WITH CV2 - OPENCV Function
2024-02-06 22:43:52 - INFO - CV2 Baseline Intrinsics:[[2.04039471e+03 0.00000000e+00 7.64587598e+02]
 [0.00000000e+00 2.03217467e+03 1.35929491e+03]
 [0.00000000e+00 0.00000000e+00 1.00000000e+00]]
2024-02-06 22:43:52 - INFO - CV2 Baseline Distortion:[[ 2.89100014e-01 -2.39907557e+00  2.76894211e-03  9.01313995e-04
   6.45008562e+00]]
2024-02-06 22:43:52 - INFO - CV2 Baseline Reprojection Error:0.098612
2024-02-06 22:44:22 - INFO - Cleaning Old Results Folder
2024-02-06 22:44:22 - INFO - ORIGINAL IMPLEMENTATION OF CAMERA CALIBRATION
2024-02-06 22:44:22 - INFO - Initial Values
2024-02-06 22:44:23 - INFO - [[ 2.05879672e+03 -9.55413832e-01  7.62413500e+02]
 [ 0.00000000e+00  2.04242247e+03  1.34707148e+03]
 [ 0.00000000e+00  0.00000000e+00  1.00000000e+00]]
2024-02-06 22:44:23 - INFO - [0 0]
2024-02-06 22:44:23 - INFO - [ 2.05879672e+03 -9.55413832e-01  2.04242247e+03  7.62413500e+02
  1.34707148e+03  0.00000000e+00  0.00000000e+00]
2024-02-06 22:44:23 - INFO - Optimization without Distortion
2024-02-06 22:44:24 - INFO - [[ 2.05879361e+03 -9.01191326e-01  7.62409990e+02]
 [ 0.00000000e+00  2.04240398e+03  1.34705803e+03]
 [ 0.00000000e+00  0.00000000e+00  1.00000000e+00]]
2024-02-06 22:44:24 - INFO - [ 0.00642498 -0.07285859]
2024-02-06 22:44:24 - INFO - Reprojection Error Before Optimization: 0.697577
2024-02-06 22:44:24 - INFO - Reprojection Error After Optimization: 0.695561
2024-02-06 22:44:24 - INFO - Optimization with Distortion
2024-02-06 22:44:24 - INFO - BASELINE COMPARISON WITH CV2 - OPENCV Function
2024-02-06 22:44:24 - INFO - CV2 Baseline Intrinsics:[[2.04039471e+03 0.00000000e+00 7.64587598e+02]
 [0.00000000e+00 2.03217467e+03 1.35929491e+03]
 [0.00000000e+00 0.00000000e+00 1.00000000e+00]]
2024-02-06 22:44:24 - INFO - CV2 Baseline Distortion:[[ 2.89100014e-01 -2.39907557e+00  2.76894211e-03  9.01313995e-04
   6.45008562e+00]]
2024-02-06 22:44:25 - INFO - CV2 Baseline Reprojection Error:0.098612
2024-02-06 22:44:41 - INFO - Cleaning Old Results Folder
2024-02-06 22:44:41 - INFO - ORIGINAL IMPLEMENTATION OF CAMERA CALIBRATION
2024-02-06 22:44:41 - INFO - Initial Values
2024-02-06 22:44:42 - INFO - [[ 2.05879672e+03 -9.55413832e-01  7.62413500e+02]
 [ 0.00000000e+00  2.04242247e+03  1.34707148e+03]
 [ 0.00000000e+00  0.00000000e+00  1.00000000e+00]]
2024-02-06 22:44:42 - INFO - [0 0]
2024-02-06 22:44:42 - INFO - [ 2.05879672e+03 -9.55413832e-01  2.04242247e+03  7.62413500e+02
  1.34707148e+03  0.00000000e+00  0.00000000e+00]
2024-02-06 22:44:42 - INFO - Optimization without Distortion
2024-02-06 22:44:43 - INFO - [[ 2.05879361e+03 -9.01191326e-01  7.62409990e+02]
 [ 0.00000000e+00  2.04240398e+03  1.34705803e+03]
 [ 0.00000000e+00  0.00000000e+00  1.00000000e+00]]
2024-02-06 22:44:43 - INFO - [ 0.00642498 -0.07285859]
2024-02-06 22:44:43 - INFO - Reprojection Error Before Optimization: 0.697577
2024-02-06 22:44:43 - INFO - Reprojection Error After Optimization: 0.695561
2024-02-06 22:44:43 - INFO - Optimization with Distortion
2024-02-06 22:44:43 - INFO - BASELINE COMPARISON WITH CV2 - OPENCV Function
2024-02-06 22:44:44 - INFO - CV2 Baseline Intrinsics:[[2.04039471e+03 0.00000000e+00 7.64587598e+02]
 [0.00000000e+00 2.03217467e+03 1.35929491e+03]
 [0.00000000e+00 0.00000000e+00 1.00000000e+00]]
2024-02-06 22:44:44 - INFO - CV2 Baseline Distortion:[[ 2.89100014e-01 -2.39907557e+00  2.76894211e-03  9.01313995e-04
   6.45008562e+00]]
2024-02-06 22:44:44 - INFO - CV2 Baseline Reprojection Error:0.098612
2024-02-06 22:54:54 - INFO - Cleaning Old Results Folder
2024-02-06 22:54:55 - INFO - ORIGINAL IMPLEMENTATION OF CAMERA CALIBRATION
2024-02-06 22:54:55 - INFO - Initial Values
2024-02-06 22:54:55 - INFO - [[ 2.05879672e+03 -9.55413832e-01  7.62413500e+02]
 [ 0.00000000e+00  2.04242247e+03  1.34707148e+03]
 [ 0.00000000e+00  0.00000000e+00  1.00000000e+00]]
2024-02-06 22:54:55 - INFO - [0 0]
2024-02-06 22:54:55 - INFO - [ 2.05879672e+03 -9.55413832e-01  2.04242247e+03  7.62413500e+02
  1.34707148e+03  0.00000000e+00  0.00000000e+00]
2024-02-06 22:54:55 - INFO - Reprojection Error for all images:[0.56773825 0.67099667 0.81672646 0.95189429 0.96161018 0.48776517
 0.71847976 0.32304123 0.6754043  0.73156123 0.73818499 0.58541423
 0.83968646]
2024-02-06 22:54:55 - INFO - Optimization without Distortion
2024-02-06 22:54:56 - INFO - Reprojection  New error for all images:[0.56500392 0.66182305 0.81745925 0.9599933  0.96203299 0.48266724
 0.70521315 0.3221897  0.67066021 0.72700607 0.7369888  0.58476751
 0.84648815]
2024-02-06 22:54:56 - INFO - [[ 2.05879361e+03 -9.01191326e-01  7.62409990e+02]
 [ 0.00000000e+00  2.04240398e+03  1.34705803e+03]
 [ 0.00000000e+00  0.00000000e+00  1.00000000e+00]]
2024-02-06 22:54:56 - INFO - [ 0.00642498 -0.07285859]
2024-02-06 22:54:56 - INFO - Reprojection Error Before Optimization: 0.697577
2024-02-06 22:54:56 - INFO - Reprojection Error After Optimization: 0.695561
2024-02-06 22:54:56 - INFO - Optimization with Distortion
2024-02-06 22:54:56 - INFO - BASELINE COMPARISON WITH CV2 - OPENCV Function
2024-02-06 22:54:57 - INFO - CV2 Baseline Intrinsics:[[2.04039471e+03 0.00000000e+00 7.64587598e+02]
 [0.00000000e+00 2.03217467e+03 1.35929491e+03]
 [0.00000000e+00 0.00000000e+00 1.00000000e+00]]
2024-02-06 22:54:57 - INFO - CV2 Baseline Distortion:[[ 2.89100014e-01 -2.39907557e+00  2.76894211e-03  9.01313995e-04
   6.45008562e+00]]
2024-02-06 22:54:57 - INFO - CV2 Baseline Reprojection Error:0.098612
2024-02-06 23:02:40 - INFO - Cleaning Old Results Folder
2024-02-06 23:02:40 - INFO - ORIGINAL IMPLEMENTATION OF CAMERA CALIBRATION
2024-02-06 23:02:40 - INFO - Initial Values
2024-02-06 23:02:40 - INFO - [[ 2.05879672e+03 -9.55413832e-01  7.62413500e+02]
 [ 0.00000000e+00  2.04242247e+03  1.34707148e+03]
 [ 0.00000000e+00  0.00000000e+00  1.00000000e+00]]
2024-02-06 23:02:40 - INFO - [0 0]
2024-02-06 23:02:40 - INFO - [ 2.05879672e+03 -9.55413832e-01  2.04242247e+03  7.62413500e+02
  1.34707148e+03  0.00000000e+00  0.00000000e+00]
2024-02-06 23:02:40 - INFO - Reprojection Error for all images:[0.56773825 0.67099667 0.81672646 0.95189429 0.96161018 0.48776517
 0.71847976 0.32304123 0.6754043  0.73156123 0.73818499 0.58541423
 0.83968646]
2024-02-06 23:02:40 - INFO - Optimization without Distortion
2024-02-06 23:02:42 - INFO - Reprojection  New error for all images:[0.56500392 0.66182305 0.81745925 0.9599933  0.96203299 0.48266724
 0.70521315 0.3221897  0.67066021 0.72700607 0.7369888  0.58476751
 0.84648815]
2024-02-06 23:02:42 - INFO - [[ 2.05879361e+03 -9.01191326e-01  7.62409990e+02]
 [ 0.00000000e+00  2.04240398e+03  1.34705803e+03]
 [ 0.00000000e+00  0.00000000e+00  1.00000000e+00]]
2024-02-06 23:02:42 - INFO - [ 0.00642498 -0.07285859]
2024-02-06 23:02:42 - INFO - Reprojection Error Before Optimization: 0.697577
2024-02-06 23:02:42 - INFO - Reprojection Error After Optimization: 0.695561
2024-02-06 23:02:42 - INFO - Optimization with Distortion
2024-02-06 23:02:42 - INFO - BASELINE COMPARISON WITH CV2 - OPENCV Function
2024-02-06 23:02:42 - INFO - CV2 Baseline Intrinsics:[[2.04039471e+03 0.00000000e+00 7.64587598e+02]
 [0.00000000e+00 2.03217467e+03 1.35929491e+03]
 [0.00000000e+00 0.00000000e+00 1.00000000e+00]]
2024-02-06 23:02:42 - INFO - CV2 Baseline Distortion:[[ 2.89100014e-01 -2.39907557e+00  2.76894211e-03  9.01313995e-04
   6.45008562e+00]]
2024-02-06 23:02:42 - INFO - CV2 Baseline Reprojection Error:0.098612
2024-02-06 23:05:37 - INFO - Cleaning Old Results Folder
2024-02-06 23:05:37 - INFO - ORIGINAL IMPLEMENTATION OF CAMERA CALIBRATION
2024-02-06 23:05:37 - INFO - Initial Values
2024-02-06 23:05:38 - INFO - [[ 2.05879672e+03 -9.55413832e-01  7.62413500e+02]
 [ 0.00000000e+00  2.04242247e+03  1.34707148e+03]
 [ 0.00000000e+00  0.00000000e+00  1.00000000e+00]]
2024-02-06 23:05:38 - INFO - [0 0]
2024-02-06 23:05:38 - INFO - [ 2.05879672e+03 -9.55413832e-01  2.04242247e+03  7.62413500e+02
  1.34707148e+03  0.00000000e+00  0.00000000e+00]
2024-02-06 23:05:38 - INFO - Reprojection Error for all images:[0.56773825 0.67099667 0.81672646 0.95189429 0.96161018 0.48776517
 0.71847976 0.32304123 0.6754043  0.73156123 0.73818499 0.58541423
 0.83968646]
2024-02-06 23:05:38 - INFO - Optimization without Distortion
2024-02-06 23:05:39 - INFO - Reprojection  New error for all images:[0.56500392 0.66182305 0.81745925 0.9599933  0.96203299 0.48266724
 0.70521315 0.3221897  0.67066021 0.72700607 0.7369888  0.58476751
 0.84648815]
2024-02-06 23:05:39 - INFO - [[ 2.05879361e+03 -9.01191326e-01  7.62409990e+02]
 [ 0.00000000e+00  2.04240398e+03  1.34705803e+03]
 [ 0.00000000e+00  0.00000000e+00  1.00000000e+00]]
2024-02-06 23:05:39 - INFO - [ 0.00642498 -0.07285859]
2024-02-06 23:05:39 - INFO - Reprojection Error Before Optimization: 0.697577
2024-02-06 23:05:39 - INFO - Reprojection Error After Optimization: 0.695561
2024-02-06 23:05:39 - INFO - Optimization with Distortion
2024-02-06 23:05:39 - INFO - BASELINE COMPARISON WITH CV2 - OPENCV Function
2024-02-06 23:05:40 - INFO - CV2 Baseline Intrinsics:[[2.04039471e+03 0.00000000e+00 7.64587598e+02]
 [0.00000000e+00 2.03217467e+03 1.35929491e+03]
 [0.00000000e+00 0.00000000e+00 1.00000000e+00]]
2024-02-06 23:05:40 - INFO - CV2 Baseline Distortion:[[ 2.89100014e-01 -2.39907557e+00  2.76894211e-03  9.01313995e-04
   6.45008562e+00]]
2024-02-06 23:05:40 - INFO - CV2 Baseline Reprojection Error:0.098612
2024-02-06 23:05:48 - INFO - Cleaning Old Results Folder
2024-02-06 23:05:48 - INFO - ORIGINAL IMPLEMENTATION OF CAMERA CALIBRATION
2024-02-06 23:05:48 - INFO - Initial Values
2024-02-06 23:05:49 - INFO - [[ 2.05879672e+03 -9.55413832e-01  7.62413500e+02]
 [ 0.00000000e+00  2.04242247e+03  1.34707148e+03]
 [ 0.00000000e+00  0.00000000e+00  1.00000000e+00]]
2024-02-06 23:05:49 - INFO - [0 0]
2024-02-06 23:05:49 - INFO - [ 2.05879672e+03 -9.55413832e-01  2.04242247e+03  7.62413500e+02
  1.34707148e+03  0.00000000e+00  0.00000000e+00]
2024-02-06 23:05:49 - INFO - Reprojection Error for all images:[0.56773825 0.67099667 0.81672646 0.95189429 0.96161018 0.48776517
 0.71847976 0.32304123 0.6754043  0.73156123 0.73818499 0.58541423
 0.83968646]
2024-02-06 23:05:49 - INFO - Optimization without Distortion
2024-02-06 23:05:50 - INFO - Reprojection  New error for all images:[0.56500392 0.66182305 0.81745925 0.9599933  0.96203299 0.48266724
 0.70521315 0.3221897  0.67066021 0.72700607 0.7369888  0.58476751
 0.84648815]
2024-02-06 23:05:50 - INFO - [[ 2.05879361e+03 -9.01191326e-01  7.62409990e+02]
 [ 0.00000000e+00  2.04240398e+03  1.34705803e+03]
 [ 0.00000000e+00  0.00000000e+00  1.00000000e+00]]
2024-02-06 23:05:50 - INFO - [ 0.00642498 -0.07285859]
2024-02-06 23:05:50 - INFO - Reprojection Error Before Optimization: 0.697577
2024-02-06 23:05:50 - INFO - Reprojection Error After Optimization: 0.695561
2024-02-06 23:05:50 - INFO - Optimization with Distortion
2024-02-06 23:05:50 - INFO - BASELINE COMPARISON WITH CV2 - OPENCV Function
2024-02-06 23:05:51 - INFO - CV2 Baseline Intrinsics:[[2.04039471e+03 0.00000000e+00 7.64587598e+02]
 [0.00000000e+00 2.03217467e+03 1.35929491e+03]
 [0.00000000e+00 0.00000000e+00 1.00000000e+00]]
2024-02-06 23:05:51 - INFO - CV2 Baseline Distortion:[[ 2.89100014e-01 -2.39907557e+00  2.76894211e-03  9.01313995e-04
   6.45008562e+00]]
2024-02-06 23:05:51 - INFO - CV2 Baseline Reprojection Error:0.098612
2024-02-06 23:06:16 - INFO - Cleaning Old Results Folder
2024-02-06 23:06:16 - INFO - ORIGINAL IMPLEMENTATION OF CAMERA CALIBRATION
2024-02-06 23:06:16 - INFO - Initial Values
2024-02-06 23:06:17 - INFO - [[ 2.05879672e+03 -9.55413832e-01  7.62413500e+02]
 [ 0.00000000e+00  2.04242247e+03  1.34707148e+03]
 [ 0.00000000e+00  0.00000000e+00  1.00000000e+00]]
2024-02-06 23:06:17 - INFO - [0 0]
2024-02-06 23:06:17 - INFO - [ 2.05879672e+03 -9.55413832e-01  2.04242247e+03  7.62413500e+02
  1.34707148e+03  0.00000000e+00  0.00000000e+00]
2024-02-06 23:06:17 - INFO - Reprojection Error for all images:[0.56773825 0.67099667 0.81672646 0.95189429 0.96161018 0.48776517
 0.71847976 0.32304123 0.6754043  0.73156123 0.73818499 0.58541423
 0.83968646]
2024-02-06 23:06:17 - INFO - Optimization without Distortion
2024-02-06 23:06:18 - INFO - Reprojection  New error for all images:[0.56500392 0.66182305 0.81745925 0.9599933  0.96203299 0.48266724
 0.70521315 0.3221897  0.67066021 0.72700607 0.7369888  0.58476751
 0.84648815]
2024-02-06 23:06:18 - INFO - [[ 2.05879361e+03 -9.01191326e-01  7.62409990e+02]
 [ 0.00000000e+00  2.04240398e+03  1.34705803e+03]
 [ 0.00000000e+00  0.00000000e+00  1.00000000e+00]]
2024-02-06 23:06:18 - INFO - [ 0.00642498 -0.07285859]
2024-02-06 23:06:18 - INFO - Reprojection Error Before Optimization: 0.697577
2024-02-06 23:06:18 - INFO - Reprojection Error After Optimization: 0.695561
2024-02-06 23:06:18 - INFO - Optimization with Distortion
2024-02-06 23:06:18 - INFO - BASELINE COMPARISON WITH CV2 - OPENCV Function
2024-02-06 23:06:19 - INFO - CV2 Baseline Intrinsics:[[2.04039471e+03 0.00000000e+00 7.64587598e+02]
 [0.00000000e+00 2.03217467e+03 1.35929491e+03]
 [0.00000000e+00 0.00000000e+00 1.00000000e+00]]
2024-02-06 23:06:19 - INFO - CV2 Baseline Distortion:[[ 2.89100014e-01 -2.39907557e+00  2.76894211e-03  9.01313995e-04
   6.45008562e+00]]
2024-02-06 23:06:19 - INFO - CV2 Baseline Reprojection Error:0.098612
2024-02-06 23:09:07 - INFO - Cleaning Old Results Folder
2024-02-06 23:09:07 - INFO - ORIGINAL IMPLEMENTATION OF CAMERA CALIBRATION
2024-02-06 23:09:07 - INFO - Initial Values
2024-02-06 23:09:08 - INFO - [[ 2.05879672e+03 -9.55413832e-01  7.62413500e+02]
 [ 0.00000000e+00  2.04242247e+03  1.34707148e+03]
 [ 0.00000000e+00  0.00000000e+00  1.00000000e+00]]
2024-02-06 23:09:08 - INFO - [0 0]
2024-02-06 23:09:08 - INFO - [ 2.05879672e+03 -9.55413832e-01  2.04242247e+03  7.62413500e+02
  1.34707148e+03  0.00000000e+00  0.00000000e+00]
2024-02-06 23:09:08 - INFO - Reprojection Error for all images:[0.56773825 0.67099667 0.81672646 0.95189429 0.96161018 0.48776517
 0.71847976 0.32304123 0.6754043  0.73156123 0.73818499 0.58541423
 0.83968646]
2024-02-06 23:09:08 - INFO - Optimization without Distortion
2024-02-06 23:09:09 - INFO - Reprojection  New error for all images:[0.56500392 0.66182305 0.81745925 0.9599933  0.96203299 0.48266724
 0.70521315 0.3221897  0.67066021 0.72700607 0.7369888  0.58476751
 0.84648815]
2024-02-06 23:09:09 - INFO - [[ 2.05879361e+03 -9.01191326e-01  7.62409990e+02]
 [ 0.00000000e+00  2.04240398e+03  1.34705803e+03]
 [ 0.00000000e+00  0.00000000e+00  1.00000000e+00]]
2024-02-06 23:09:09 - INFO - [ 0.00642498 -0.07285859]
2024-02-06 23:09:09 - INFO - Reprojection Error Before Optimization: 0.697577
2024-02-06 23:09:09 - INFO - Reprojection Error After Optimization: 0.695561
2024-02-06 23:09:09 - INFO - Optimization with Distortion
2024-02-06 23:09:09 - INFO - BASELINE COMPARISON WITH CV2 - OPENCV Function
2024-02-06 23:09:09 - INFO - CV2 Baseline Intrinsics:[[2.04039471e+03 0.00000000e+00 7.64587598e+02]
 [0.00000000e+00 2.03217467e+03 1.35929491e+03]
 [0.00000000e+00 0.00000000e+00 1.00000000e+00]]
2024-02-06 23:09:09 - INFO - CV2 Baseline Distortion:[[ 2.89100014e-01 -2.39907557e+00  2.76894211e-03  9.01313995e-04
   6.45008562e+00]]
2024-02-06 23:09:10 - INFO - CV2 Baseline Reprojection Error:0.098612
2024-02-06 23:24:37 - INFO - Cleaning Old Results Folder
2024-02-06 23:24:37 - INFO - ORIGINAL IMPLEMENTATION OF CAMERA CALIBRATION
2024-02-06 23:24:37 - INFO - Initial Values
2024-02-06 23:24:38 - INFO - [[ 2.05879672e+03 -9.55413832e-01  7.62413500e+02]
 [ 0.00000000e+00  2.04242247e+03  1.34707148e+03]
 [ 0.00000000e+00  0.00000000e+00  1.00000000e+00]]
2024-02-06 23:24:38 - INFO - [0 0]
2024-02-06 23:24:38 - INFO - [ 2.05879672e+03 -9.55413832e-01  2.04242247e+03  7.62413500e+02
  1.34707148e+03  0.00000000e+00  0.00000000e+00]
2024-02-06 23:24:38 - INFO - Reprojection Error for all images:[0.56773825 0.67099667 0.81672646 0.95189429 0.96161018 0.48776517
 0.71847976 0.32304123 0.6754043  0.73156123 0.73818499 0.58541423
 0.83968646]
2024-02-06 23:24:38 - INFO - Optimization without Distortion
2024-02-06 23:24:39 - INFO - Reprojection  New error for all images:[0.56500392 0.66182305 0.81745925 0.9599933  0.96203299 0.48266724
 0.70521315 0.3221897  0.67066021 0.72700607 0.7369888  0.58476751
 0.84648815]
2024-02-06 23:24:39 - INFO - [[ 2.05879361e+03 -9.01191326e-01  7.62409990e+02]
 [ 0.00000000e+00  2.04240398e+03  1.34705803e+03]
 [ 0.00000000e+00  0.00000000e+00  1.00000000e+00]]
2024-02-06 23:24:39 - INFO - [ 0.00642498 -0.07285859]
2024-02-06 23:24:39 - INFO - Reprojection Error Before Optimization: 0.697577
2024-02-06 23:24:39 - INFO - Reprojection Error After Optimization: 0.695561
2024-02-06 23:24:39 - INFO - Optimization with Distortion
2024-02-06 23:24:39 - INFO - BASELINE COMPARISON WITH CV2 - OPENCV Function
2024-02-06 23:24:40 - INFO - CV2 Baseline Intrinsics:[[2.04039471e+03 0.00000000e+00 7.64587598e+02]
 [0.00000000e+00 2.03217467e+03 1.35929491e+03]
 [0.00000000e+00 0.00000000e+00 1.00000000e+00]]
2024-02-06 23:24:40 - INFO - CV2 Baseline Distortion:[[ 2.89100014e-01 -2.39907557e+00  2.76894211e-03  9.01313995e-04
   6.45008562e+00]]
2024-02-06 23:24:40 - INFO - CV2 Baseline Reprojection Error:0.098612
2024-02-06 23:28:00 - INFO - Cleaning Old Results Folder
2024-02-06 23:28:00 - INFO - ORIGINAL IMPLEMENTATION OF CAMERA CALIBRATION
2024-02-06 23:28:00 - INFO - Initial Values
2024-02-06 23:28:00 - INFO - [[nan nan nan]
 [ 0. nan nan]
 [ 0.  0.  1.]]
2024-02-06 23:28:00 - INFO - [0 0]
2024-02-06 23:28:00 - INFO - [nan nan nan nan nan  0.  0.]
2024-02-06 23:28:00 - INFO - Reprojection Error for all images:[]
2024-02-06 23:28:00 - INFO - Optimization without Distortion
2024-02-06 23:28:09 - INFO - ORIGINAL IMPLEMENTATION OF CAMERA CALIBRATION
2024-02-06 23:28:09 - INFO - Initial Values
2024-02-06 23:28:10 - INFO - [[ 2.05879672e+03 -9.55413832e-01  7.62413500e+02]
 [ 0.00000000e+00  2.04242247e+03  1.34707148e+03]
 [ 0.00000000e+00  0.00000000e+00  1.00000000e+00]]
2024-02-06 23:28:10 - INFO - [0 0]
2024-02-06 23:28:10 - INFO - [ 2.05879672e+03 -9.55413832e-01  2.04242247e+03  7.62413500e+02
  1.34707148e+03  0.00000000e+00  0.00000000e+00]
2024-02-06 23:28:10 - INFO - Reprojection Error for all images:[0.56773825 0.67099667 0.81672646 0.95189429 0.96161018 0.48776517
 0.71847976 0.32304123 0.6754043  0.73156123 0.73818499 0.58541423
 0.83968646]
2024-02-06 23:28:10 - INFO - Optimization without Distortion
2024-02-06 23:28:11 - INFO - Reprojection  New error for all images:[0.56500392 0.66182305 0.81745925 0.9599933  0.96203299 0.48266724
 0.70521315 0.3221897  0.67066021 0.72700607 0.7369888  0.58476751
 0.84648815]
2024-02-06 23:28:11 - INFO - [[ 2.05879361e+03 -9.01191326e-01  7.62409990e+02]
 [ 0.00000000e+00  2.04240398e+03  1.34705803e+03]
 [ 0.00000000e+00  0.00000000e+00  1.00000000e+00]]
2024-02-06 23:28:11 - INFO - [ 0.00642498 -0.07285859]
2024-02-06 23:28:11 - INFO - Reprojection Error Before Optimization: 0.697577
2024-02-06 23:28:11 - INFO - Reprojection Error After Optimization: 0.695561
2024-02-06 23:28:11 - INFO - Optimization with Distortion
2024-02-06 23:28:11 - INFO - BASELINE COMPARISON WITH CV2 - OPENCV Function
2024-02-06 23:28:12 - INFO - CV2 Baseline Intrinsics:[[2.04039471e+03 0.00000000e+00 7.64587598e+02]
 [0.00000000e+00 2.03217467e+03 1.35929491e+03]
 [0.00000000e+00 0.00000000e+00 1.00000000e+00]]
2024-02-06 23:28:12 - INFO - CV2 Baseline Distortion:[[ 2.89100014e-01 -2.39907557e+00  2.76894211e-03  9.01313995e-04
   6.45008562e+00]]
2024-02-06 23:28:12 - INFO - CV2 Baseline Reprojection Error:0.098612
